<?xml version="1.0" encoding="UTF-8"?>
<!-- Generated by org.testng.reporters.JUnitReportReporter -->
<testsuite hostname="meoDien" name="org.restcomm.protocols.ss7.tcap.DialogIdAllocatorTest" tests="4" failures="0" timestamp="20 Jun 2026 14:23:26 GMT" time="0.014" errors="0">
  <testcase name="allocateAndRelease" time="0.001" classname="org.restcomm.protocols.ss7.tcap.DialogIdAllocatorTest"/>
  <testcase name="reconfigurePreservesMarkedIds" time="0.012" classname="org.restcomm.protocols.ss7.tcap.DialogIdAllocatorTest"/>
  <testcase name="tryReserveSpecificId" time="0.000" classname="org.restcomm.protocols.ss7.tcap.DialogIdAllocatorTest"/>
  <testcase name="allocateUntilExhausted" time="0.001" classname="org.restcomm.protocols.ss7.tcap.DialogIdAllocatorTest"/>
</testsuite> <!-- org.restcomm.protocols.ss7.tcap.DialogIdAllocatorTest -->
