<?xml version="1.0" encoding="UTF-8"?>
<testng-results skipped="0" failed="0" total="4" passed="4">
  <reporter-output>
  </reporter-output>
  <suite name="Command line suite" duration-ms="39" started-at="2026-06-20T14:23:26Z" finished-at="2026-06-20T14:23:26Z">
    <groups>
      <group name="expectedExceptions">
        <method signature="DialogIdAllocatorTest.allocateUntilExhausted()[pri:0, instance:org.restcomm.protocols.ss7.tcap.DialogIdAllocatorTest@3a4afd8d]" name="allocateUntilExhausted" class="org.restcomm.protocols.ss7.tcap.DialogIdAllocatorTest"/>
      </group> <!-- expectedExceptions -->
      <group name="functional.settings">
        <method signature="DialogIdAllocatorTest.allocateAndRelease()[pri:0, instance:org.restcomm.protocols.ss7.tcap.DialogIdAllocatorTest@3a4afd8d]" name="allocateAndRelease" class="org.restcomm.protocols.ss7.tcap.DialogIdAllocatorTest"/>
        <method signature="DialogIdAllocatorTest.allocateUntilExhausted()[pri:0, instance:org.restcomm.protocols.ss7.tcap.DialogIdAllocatorTest@3a4afd8d]" name="allocateUntilExhausted" class="org.restcomm.protocols.ss7.tcap.DialogIdAllocatorTest"/>
        <method signature="DialogIdAllocatorTest.reconfigurePreservesMarkedIds()[pri:0, instance:org.restcomm.protocols.ss7.tcap.DialogIdAllocatorTest@3a4afd8d]" name="reconfigurePreservesMarkedIds" class="org.restcomm.protocols.ss7.tcap.DialogIdAllocatorTest"/>
        <method signature="DialogIdAllocatorTest.tryReserveSpecificId()[pri:0, instance:org.restcomm.protocols.ss7.tcap.DialogIdAllocatorTest@3a4afd8d]" name="tryReserveSpecificId" class="org.restcomm.protocols.ss7.tcap.DialogIdAllocatorTest"/>
      </group> <!-- functional.settings -->
    </groups>
    <test name="Command line test" duration-ms="39" started-at="2026-06-20T14:23:26Z" finished-at="2026-06-20T14:23:26Z">
      <class name="org.restcomm.protocols.ss7.tcap.DialogIdAllocatorTest">
        <test-method status="PASS" signature="setUp()[pri:0, instance:org.restcomm.protocols.ss7.tcap.DialogIdAllocatorTest@3a4afd8d]" name="setUp" is-config="true" duration-ms="12" started-at="2026-06-20T21:23:26Z" finished-at="2026-06-20T21:23:26Z">
          <reporter-output>
          </reporter-output>
        </test-method> <!-- setUp -->
        <test-method status="PASS" signature="allocateAndRelease()[pri:0, instance:org.restcomm.protocols.ss7.tcap.DialogIdAllocatorTest@3a4afd8d]" name="allocateAndRelease" duration-ms="1" started-at="2026-06-20T21:23:26Z" finished-at="2026-06-20T21:23:26Z">
          <reporter-output>
          </reporter-output>
        </test-method> <!-- allocateAndRelease -->
        <test-method status="PASS" signature="allocateUntilExhausted()[pri:0, instance:org.restcomm.protocols.ss7.tcap.DialogIdAllocatorTest@3a4afd8d]" name="allocateUntilExhausted" duration-ms="1" started-at="2026-06-20T21:23:26Z" finished-at="2026-06-20T21:23:26Z">
          <exception class="org.restcomm.protocols.ss7.tcap.api.TCAPException">
            <message>
              <![CDATA[No available transaction id in configured range]]>
            </message>
            <full-stacktrace>
              <![CDATA[org.restcomm.protocols.ss7.tcap.api.TCAPException: No available transaction id in configured range
	at org.restcomm.protocols.ss7.tcap.DialogIdAllocator.allocate(DialogIdAllocator.java:32)
	at org.restcomm.protocols.ss7.tcap.DialogIdAllocatorTest.allocateUntilExhausted(DialogIdAllocatorTest.java:54)
	at sun.reflect.NativeMethodAccessorImpl.invoke0(Native Method)
	at sun.reflect.NativeMethodAccessorImpl.invoke(NativeMethodAccessorImpl.java:62)
	at sun.reflect.DelegatingMethodAccessorImpl.invoke(DelegatingMethodAccessorImpl.java:43)
	at java.lang.reflect.Method.invoke(Method.java:498)
	at org.testng.internal.MethodInvocationHelper.invokeMethod(MethodInvocationHelper.java:80)
	at org.testng.internal.Invoker.invokeMethod(Invoker.java:714)
	at org.testng.internal.Invoker.invokeTestMethod(Invoker.java:901)
	at org.testng.internal.Invoker.invokeTestMethods(Invoker.java:1231)
	at org.testng.internal.TestMethodWorker.invokeTestMethods(TestMethodWorker.java:127)
	at org.testng.internal.TestMethodWorker.run(TestMethodWorker.java:111)
	at org.testng.TestRunner.privateRun(TestRunner.java:767)
	at org.testng.TestRunner.run(TestRunner.java:617)
	at org.testng.SuiteRunner.runTest(SuiteRunner.java:334)
	at org.testng.SuiteRunner.runSequentially(SuiteRunner.java:329)
	at org.testng.SuiteRunner.privateRun(SuiteRunner.java:291)
	at org.testng.SuiteRunner.run(SuiteRunner.java:240)
	at org.testng.SuiteRunnerWorker.runSuite(SuiteRunnerWorker.java:52)
	at org.testng.SuiteRunnerWorker.run(SuiteRunnerWorker.java:86)
	at org.testng.TestNG.runSuitesSequentially(TestNG.java:1198)
	at org.testng.TestNG.runSuitesLocally(TestNG.java:1123)
	at org.testng.TestNG.run(TestNG.java:1031)
	at org.testng.TestNG.privateMain(TestNG.java:1338)
	at org.testng.TestNG.main(TestNG.java:1307)
]]>
            </full-stacktrace>
          </exception> <!-- org.restcomm.protocols.ss7.tcap.api.TCAPException -->
          <reporter-output>
          </reporter-output>
        </test-method> <!-- allocateUntilExhausted -->
        <test-method status="PASS" signature="setUp()[pri:0, instance:org.restcomm.protocols.ss7.tcap.DialogIdAllocatorTest@3a4afd8d]" name="setUp" is-config="true" duration-ms="0" started-at="2026-06-20T21:23:26Z" finished-at="2026-06-20T21:23:26Z">
          <reporter-output>
          </reporter-output>
        </test-method> <!-- setUp -->
        <test-method status="PASS" signature="setUp()[pri:0, instance:org.restcomm.protocols.ss7.tcap.DialogIdAllocatorTest@3a4afd8d]" name="setUp" is-config="true" duration-ms="0" started-at="2026-06-20T21:23:26Z" finished-at="2026-06-20T21:23:26Z">
          <reporter-output>
          </reporter-output>
        </test-method> <!-- setUp -->
        <test-method status="PASS" signature="reconfigurePreservesMarkedIds()[pri:0, instance:org.restcomm.protocols.ss7.tcap.DialogIdAllocatorTest@3a4afd8d]" name="reconfigurePreservesMarkedIds" duration-ms="0" started-at="2026-06-20T21:23:26Z" finished-at="2026-06-20T21:23:26Z">
          <reporter-output>
          </reporter-output>
        </test-method> <!-- reconfigurePreservesMarkedIds -->
        <test-method status="PASS" signature="setUp()[pri:0, instance:org.restcomm.protocols.ss7.tcap.DialogIdAllocatorTest@3a4afd8d]" name="setUp" is-config="true" duration-ms="0" started-at="2026-06-20T21:23:26Z" finished-at="2026-06-20T21:23:26Z">
          <reporter-output>
          </reporter-output>
        </test-method> <!-- setUp -->
        <test-method status="PASS" signature="tryReserveSpecificId()[pri:0, instance:org.restcomm.protocols.ss7.tcap.DialogIdAllocatorTest@3a4afd8d]" name="tryReserveSpecificId" duration-ms="0" started-at="2026-06-20T21:23:26Z" finished-at="2026-06-20T21:23:26Z">
          <reporter-output>
          </reporter-output>
        </test-method> <!-- tryReserveSpecificId -->
      </class> <!-- org.restcomm.protocols.ss7.tcap.DialogIdAllocatorTest -->
    </test> <!-- Command line test -->
  </suite> <!-- Command line suite -->
</testng-results>
