<?xml version="1.0" encoding="UTF-8"?>
<!-- Generated by org.testng.reporters.JUnitXMLReporter -->
<testsuite hostname="meoDien" name="Command line test" tests="4" failures="0" timestamp="20 Jun 2026 14:23:26 GMT" time="0.039" errors="0">
  <testcase name="allocateAndRelease" time="0.001" classname="org.restcomm.protocols.ss7.tcap.DialogIdAllocatorTest"/>
  <testcase name="allocateUntilExhausted" time="0.001" classname="org.restcomm.protocols.ss7.tcap.DialogIdAllocatorTest"/>
  <testcase name="reconfigurePreservesMarkedIds" time="0.0" classname="org.restcomm.protocols.ss7.tcap.DialogIdAllocatorTest"/>
  <testcase name="tryReserveSpecificId" time="0.0" classname="org.restcomm.protocols.ss7.tcap.DialogIdAllocatorTest"/>
</testsuite> <!-- Command line test -->
